[03:20:45] [main/ERROR]: Unable to bootstrap registry 'minecraft:chunk_generator_type'
[03:20:45] [main/ERROR]: Registry 'minecraft:chunk_generator_type' was empty after loading
[03:20:46] [main/INFO]: Environment: authHost='https://authserver.mojang.com', accountsHost='https://api.mojang.com', sessionHost='https://sessionserver.mojang.com', name='PROD'
[03:20:46] [main/WARN]: Ambiguity between arguments [teleport, destination] and [teleport, targets] with inputs: [Player, 0123, @e, dd12be42-52a9-4a91-a8a1-11c01849e498]
[03:20:46] [main/WARN]: Ambiguity between arguments [teleport, location] and [teleport, destination] with inputs: [0.1 -0.5 .9, 0 0 0]
[03:20:46] [main/WARN]: Ambiguity between arguments [teleport, location] and [teleport, targets] with inputs: [0.1 -0.5 .9, 0 0 0]
[03:20:46] [main/WARN]: Ambiguity between arguments [teleport, targets] and [teleport, destination] with inputs: [Player, 0123, dd12be42-52a9-4a91-a8a1-11c01849e498]
[03:20:46] [main/WARN]: Ambiguity between arguments [teleport, targets, location] and [teleport, targets, destination] with inputs: [0.1 -0.5 .9, 0 0 0]
[03:20:46] [Server thread/INFO]: Starting minecraft server version 20w17a
[03:20:46] [Server thread/INFO]: Loading properties
[03:20:46] [Server thread/INFO]: Default game type: SURVIVAL
[03:20:46] [Server thread/INFO]: Generating keypair
[03:20:46] [Server thread/INFO]: Starting Minecraft server on *:25565
[03:20:46] [Server thread/INFO]: Using default channel type
[03:20:47] [Server thread/INFO]: Preparing level "world"
[03:20:47] [Server thread/INFO]: Reloading ResourceManager: Default, player head drops v1.0.0.zip, double shulker shells v1.2.0.zip, multiplayer sleep v1.0.1.zip, Plated_Elytra_3.0.zip
[03:20:48] [Server thread/INFO]: Loaded 6 recipes
[03:20:48] [Server thread/WARN]: Found validation problem in {minecraft:entities/shulker}.pools[1].entries[0]: Unknown loot table called minecraft:entities/reference/mmh/shulker
[03:20:49] [Server thread/INFO]: Loaded 22 custom command functions
[03:20:49] [Server thread/INFO]: Loaded 914 advancements
[03:20:59] [Server thread/INFO]: Preparing start region for dimension minecraft:overworld
[03:21:00] [Server thread/INFO]: Preparing spawn area: 0%
[03:21:00] [Server thread/INFO]: Preparing spawn area: 0%
[03:21:00] [Server thread/INFO]: Preparing spawn area: 0%
[03:21:00] [Server thread/INFO]: Time elapsed: 1514 ms
[03:21:00] [Server thread/INFO]: Done (13.192s)! For help, type "help"
[03:21:20] [User Authenticator #1/INFO]: UUID of player Mikkstar12 is 71539990-5192-4d00-ab15-cbc3250903d3
[03:21:20] [Server thread/INFO]: Mikkstar12[/142.120.127.9:50155] logged in with entity id 642 at (-54.766636420452194, 84.0, -623.5345662934961)
[03:21:20] [Server thread/INFO]: Mikkstar12 joined the game
[03:22:00] [Server thread/INFO]: <Mikkstar12> w
[03:24:07] [Server thread/INFO]: Saving the game (this may take a moment!)
[03:24:08] [Server thread/INFO]: Saved the game
[03:24:13] [Server thread/INFO]: Mikkstar12 lost connection: Disconnected
[03:24:13] [Server thread/INFO]: Mikkstar12 left the game
[03:24:21] [Server thread/INFO]: Stopping the server
[03:24:21] [Server thread/INFO]: Stopping server
[03:24:21] [Server thread/INFO]: Saving players
[03:24:21] [Server thread/INFO]: Saving worlds
[03:24:21] [Server thread/INFO]: Saving chunks for level 'world'/minecraft:the_nether
[03:24:21] [Server thread/INFO]: ThreadedAnvilChunkStorage (DIM-1): All chunks are saved
[03:24:21] [Server thread/INFO]: Saving chunks for level 'world'/minecraft:overworld
[03:24:21] [Server thread/INFO]: ThreadedAnvilChunkStorage (world): All chunks are saved
[03:24:21] [Server thread/INFO]: Saving chunks for level 'world'/minecraft:the_end
[03:24:21] [Server thread/INFO]: ThreadedAnvilChunkStorage (DIM1): All chunks are saved
[03:24:21] [Server thread/INFO]: ThreadedAnvilChunkStorage (DIM-1): All chunks are saved
[03:24:21] [Server thread/INFO]: ThreadedAnvilChunkStorage (world): All chunks are saved
[03:24:21] [Server thread/INFO]: ThreadedAnvilChunkStorage (DIM1): All chunks are saved
